<?xml version="1.0" encoding="UTF-8"?>
<testsuite name="RoverTests" tests="14" skipped="0" failures="0" errors="0" timestamp="2019-08-19T08:39:31" hostname="RENTLAPT0041" time="0.022">
  <properties/>
  <testcase name="vectorInitializesWithGivenPoints" classname="RoverTests" time="0.013"/>
  <testcase name="vectorCanRotateRightFromEast" classname="RoverTests" time="0.0"/>
  <testcase name="vectorCanRotateRightFromWest" classname="RoverTests" time="0.0"/>
  <testcase name="vectorCanRotateLeftFromEast" classname="RoverTests" time="0.0"/>
  <testcase name="vectorCanRotateLeftFromWest" classname="RoverTests" time="0.001"/>
  <testcase name="vectorMoveAndRotate" classname="RoverTests" time="0.001"/>
  <testcase name="nextVectorInNorth" classname="RoverTests" time="0.0"/>
  <testcase name="nextVectorInSouth" classname="RoverTests" time="0.0"/>
  <testcase name="vectorCanRotateRightFromNorth" classname="RoverTests" time="0.0"/>
  <testcase name="vectorCanRotateRightFromSouth" classname="RoverTests" time="0.0"/>
  <testcase name="vectorCanRotateLeftFromNorth" classname="RoverTests" time="0.0"/>
  <testcase name="vectorCanRotateLeftFromSouth" classname="RoverTests" time="0.0"/>
  <testcase name="nextVectorInEast" classname="RoverTests" time="0.0"/>
  <testcase name="nextVectorInWest" classname="RoverTests" time="0.0"/>
  <system-out><![CDATA[]]></system-out>
  <system-err><![CDATA[]]></system-err>
</testsuite>
